<?xml version="1.0" encoding="UTF-8"?>
<!-- Generated by org.testng.reporters.JUnitReportReporter -->
<testsuite hostname="DESKTOP-R9PEFVF" failures="0" tests="1" name="Demo.HomePageTest" time="0.233" errors="0" timestamp="2023-05-25T21:52:47 IST" skipped="0">
  <testcase classname="Demo.HomePageTest" name="tc1" time="0.233"/>
  <system-out/>
</testsuite> <!-- Demo.HomePageTest -->
